Build started 19.09.2017 19:36:29.
     1>Project "C:\Users\Виктория\Documents\Programming\C++\OpenMpProject\OpenMpProject\OpenMpProject.vcxproj" on node 2 (Build target(s)).
     1>ClCompile:
         C:\Program Files (x86)\Microsoft Visual Studio 12.0\VC\bin\CL.exe /c /ZI /nologo /W3 /WX- /sdl /Od /Oy- /D WIN32 /D _DEBUG /D _CONSOLE /D _LIB /D _UNICODE /D UNICODE /Gm /EHsc /RTC1 /MDd /GS /fp:precise /Zc:wchar_t /Zc:forScope /openmp /Yu"stdafx.h" /Fp"Debug\OpenMpProject.pch" /Fo"Debug\\" /Fd"Debug\vc120.pdb" /Gd /TP /analyze- /errorReport:prompt MassWorker.cpp
         MassWorker.cpp
     1>c:\users\виктория\documents\programming\c++\openmpproject\openmpproject\massworker.cpp(127): warning C4258: 'i' : definition from the for loop is ignored; the definition from the enclosing scope is used
                 c:\users\виктория\documents\programming\c++\openmpproject\openmpproject\massworker.cpp(112) : definition of 'i' ignored
                 c:\users\виктория\documents\programming\c++\openmpproject\openmpproject\massworker.cpp(92) : definition of 'i' used
     1>c:\users\виктория\documents\programming\c++\openmpproject\openmpproject\massworker.cpp(128): warning C4258: 'i' : definition from the for loop is ignored; the definition from the enclosing scope is used
                 c:\users\виктория\documents\programming\c++\openmpproject\openmpproject\massworker.cpp(112) : definition of 'i' ignored
                 c:\users\виктория\documents\programming\c++\openmpproject\openmpproject\massworker.cpp(92) : definition of 'i' used
     1>c:\users\виктория\documents\programming\c++\openmpproject\openmpproject\massworker.cpp(131): warning C4258: 'i' : definition from the for loop is ignored; the definition from the enclosing scope is used
                 c:\users\виктория\documents\programming\c++\openmpproject\openmpproject\massworker.cpp(112) : definition of 'i' ignored
                 c:\users\виктория\documents\programming\c++\openmpproject\openmpproject\massworker.cpp(92) : definition of 'i' used
     1>c:\users\виктория\documents\programming\c++\openmpproject\openmpproject\massworker.cpp(132): warning C4258: 'i' : definition from the for loop is ignored; the definition from the enclosing scope is used
                 c:\users\виктория\documents\programming\c++\openmpproject\openmpproject\massworker.cpp(112) : definition of 'i' ignored
                 c:\users\виктория\documents\programming\c++\openmpproject\openmpproject\massworker.cpp(92) : definition of 'i' used
     1>c:\users\виктория\documents\programming\c++\openmpproject\openmpproject\massworker.cpp(135): warning C4258: 'i' : definition from the for loop is ignored; the definition from the enclosing scope is used
                 c:\users\виктория\documents\programming\c++\openmpproject\openmpproject\massworker.cpp(112) : definition of 'i' ignored
                 c:\users\виктория\documents\programming\c++\openmpproject\openmpproject\massworker.cpp(92) : definition of 'i' used
     1>c:\users\виктория\documents\programming\c++\openmpproject\openmpproject\massworker.cpp(127): warning C4101: 'j' : unreferenced local variable
       Link:
         C:\Program Files (x86)\Microsoft Visual Studio 12.0\VC\bin\link.exe /ERRORREPORT:PROMPT /OUT:"C:\Users\Виктория\Documents\Programming\C++\OpenMpProject\Debug\OpenMpProject.exe" /INCREMENTAL /NOLOGO kernel32.lib user32.lib gdi32.lib winspool.lib comdlg32.lib advapi32.lib shell32.lib ole32.lib oleaut32.lib uuid.lib odbc32.lib odbccp32.lib /MANIFEST /MANIFESTUAC:"level='asInvoker' uiAccess='false'" /manifest:embed /DEBUG /PDB:"C:\Users\Виктория\Documents\Programming\C++\OpenMpProject\Debug\OpenMpProject.pdb" /SUBSYSTEM:CONSOLE /TLBID:1 /DYNAMICBASE /NXCOMPAT /IMPLIB:"C:\Users\Виктория\Documents\Programming\C++\OpenMpProject\Debug\OpenMpProject.lib" /MACHINE:X86 Debug\FileWorker.obj
         Debug\MassWorker.obj
         Debug\OpenMpProject.obj
         Debug\stdafx.obj
         OpenMpProject.vcxproj -> C:\Users\Виктория\Documents\Programming\C++\OpenMpProject\Debug\OpenMpProject.exe
     1>Done Building Project "C:\Users\Виктория\Documents\Programming\C++\OpenMpProject\OpenMpProject\OpenMpProject.vcxproj" (Build target(s)).

Build succeeded.

Time Elapsed 00:00:00.78
